<?xml version="1.0" encoding="UTF-8"?>
<!-- Generated by org.testng.reporters.JUnitXMLReporter -->
<testsuite ignored="0" hostname="LTIN239342" failures="0" tests="8" name="ChromeTest" time="177.217" errors="0" timestamp="2024-03-28T13:59:25 IST">
  <testcase classname="testCases.TC_01_CabBooking" name="fillingDetails" time="19.221"/>
  <testcase classname="testCases.TC_01_CabBooking" name="fillingDetails" time="18.267"/>
  <testcase classname="testCases.TC_01_CabBooking" name="fillingDetails" time="26.652"/>
  <testcase classname="testCases.TC_02_GiftCard" name="switchFrame" time="0.229"/>
  <testcase classname="testCases.TC_02_GiftCard" name="selectingGiftCard" time="4.805"/>
  <testcase classname="testCases.TC_02_GiftCard" name="insertingData" time="1.263"/>
  <testcase classname="testCases.TC_02_GiftCard" name="cpaturingErrorMessage" time="0.245"/>
  <testcase classname="testCases.TC_03_HotelBooking" name="noOfAdults" time="1.998"/>
</testsuite> <!-- ChromeTest -->
