<?xml version="1.0" encoding="UTF-8"?>
<!-- Generated by org.testng.reporters.JUnitXMLReporter -->
<testsuite ignored="0" hostname="LTIN239342" failures="0" tests="8" name="EdgeTest" time="276.764" errors="0" timestamp="2024-03-28T14:04:02 IST">
  <testcase classname="testCases.TC_01_CabBooking" name="fillingDetails" time="78.563"/>
  <testcase classname="testCases.TC_01_CabBooking" name="fillingDetails" time="23.087"/>
  <testcase classname="testCases.TC_01_CabBooking" name="fillingDetails" time="55.912"/>
  <testcase classname="testCases.TC_02_GiftCard" name="switchFrame" time="0.382"/>
  <testcase classname="testCases.TC_02_GiftCard" name="selectingGiftCard" time="1.987"/>
  <testcase classname="testCases.TC_02_GiftCard" name="insertingData" time="1.526"/>
  <testcase classname="testCases.TC_02_GiftCard" name="cpaturingErrorMessage" time="0.235"/>
  <testcase classname="testCases.TC_03_HotelBooking" name="noOfAdults" time="4.363"/>
</testsuite> <!-- EdgeTest -->
