<?xml version="1.0" encoding="UTF-8"?>
<testng-results ignored="0" total="16" passed="16" failed="0" skipped="0">
  <reporter-output>
  </reporter-output>
  <suite started-at="2024-03-28T13:56:27 IST" name="Suite" finished-at="2024-03-28T14:04:02 IST" duration-ms="454853">
    <groups>
    </groups>
    <test started-at="2024-03-28T13:56:27 IST" name="ChromeTest" finished-at="2024-03-28T13:59:24 IST" duration-ms="177217">
      <class name="testCases.TC_03_HotelBooking">
        <test-method is-config="true" signature="setup(java.lang.String)[pri:0, instance:testCases.TC_03_HotelBooking@62ddbd7e]" started-at="2024-03-28T13:59:07 IST" name="setup" finished-at="2024-03-28T13:59:13 IST" duration-ms="5684" status="PASS">
          <params>
            <param index="0">
              <value>
                <![CDATA[chrome]]>
              </value>
            </param>
          </params>
          <reporter-output>
          </reporter-output>
        </test-method> <!-- setup -->
        <test-method is-config="true" signature="popupHandle()[pri:0, instance:testCases.TC_03_HotelBooking@62ddbd7e]" started-at="2024-03-28T13:59:13 IST" name="popupHandle" finished-at="2024-03-28T13:59:20 IST" duration-ms="6933" status="PASS">
          <reporter-output>
          </reporter-output>
        </test-method> <!-- popupHandle -->
        <test-method signature="noOfAdults()[pri:0, instance:testCases.TC_03_HotelBooking@62ddbd7e]" started-at="2024-03-28T13:59:20 IST" name="noOfAdults" finished-at="2024-03-28T13:59:22 IST" duration-ms="1998" status="PASS">
          <reporter-output>
          </reporter-output>
        </test-method> <!-- noOfAdults -->
        <test-method is-config="true" signature="complete()[pri:0, instance:testCases.TC_03_HotelBooking@62ddbd7e]" started-at="2024-03-28T13:59:22 IST" name="complete" finished-at="2024-03-28T13:59:24 IST" duration-ms="2102" status="PASS">
          <reporter-output>
          </reporter-output>
        </test-method> <!-- complete -->
      </class> <!-- testCases.TC_03_HotelBooking -->
      <class name="testCases.TC_02_GiftCard">
        <test-method is-config="true" signature="setup(java.lang.String)[pri:0, instance:testCases.TC_02_GiftCard@4116aac9]" started-at="2024-03-28T13:58:13 IST" name="setup" finished-at="2024-03-28T13:58:19 IST" duration-ms="6424" status="PASS">
          <params>
            <param index="0">
              <value>
                <![CDATA[chrome]]>
              </value>
            </param>
          </params>
          <reporter-output>
          </reporter-output>
        </test-method> <!-- setup -->
        <test-method is-config="true" signature="popupHandle()[pri:0, instance:testCases.TC_02_GiftCard@4116aac9]" started-at="2024-03-28T13:58:19 IST" name="popupHandle" finished-at="2024-03-28T13:58:25 IST" duration-ms="6044" status="PASS">
          <reporter-output>
          </reporter-output>
        </test-method> <!-- popupHandle -->
        <test-method signature="switchFrame()[pri:1, instance:testCases.TC_02_GiftCard@4116aac9]" started-at="2024-03-28T13:58:25 IST" name="switchFrame" finished-at="2024-03-28T13:58:26 IST" duration-ms="229" status="PASS">
          <reporter-output>
          </reporter-output>
        </test-method> <!-- switchFrame -->
        <test-method is-config="true" signature="popupHandle()[pri:0, instance:testCases.TC_02_GiftCard@4116aac9]" started-at="2024-03-28T13:58:26 IST" name="popupHandle" finished-at="2024-03-28T13:58:38 IST" duration-ms="12353" status="PASS">
          <reporter-output>
          </reporter-output>
        </test-method> <!-- popupHandle -->
        <test-method signature="selectingGiftCard()[pri:2, instance:testCases.TC_02_GiftCard@4116aac9]" started-at="2024-03-28T13:58:38 IST" name="selectingGiftCard" finished-at="2024-03-28T13:58:43 IST" depends-on-methods="testCases.TC_02_GiftCard.switchFrame" duration-ms="4805" status="PASS">
          <reporter-output>
          </reporter-output>
        </test-method> <!-- selectingGiftCard -->
        <test-method is-config="true" signature="popupHandle()[pri:0, instance:testCases.TC_02_GiftCard@4116aac9]" started-at="2024-03-28T13:58:43 IST" name="popupHandle" finished-at="2024-03-28T13:58:53 IST" duration-ms="10052" status="PASS">
          <reporter-output>
          </reporter-output>
        </test-method> <!-- popupHandle -->
        <test-method signature="insertingData()[pri:3, instance:testCases.TC_02_GiftCard@4116aac9]" started-at="2024-03-28T13:58:53 IST" name="insertingData" finished-at="2024-03-28T13:58:54 IST" depends-on-methods="testCases.TC_02_GiftCard.selectingGiftCard" duration-ms="1263" status="PASS">
          <reporter-output>
          </reporter-output>
        </test-method> <!-- insertingData -->
        <test-method is-config="true" signature="popupHandle()[pri:0, instance:testCases.TC_02_GiftCard@4116aac9]" started-at="2024-03-28T13:58:54 IST" name="popupHandle" finished-at="2024-03-28T13:59:04 IST" duration-ms="10022" status="PASS">
          <reporter-output>
          </reporter-output>
        </test-method> <!-- popupHandle -->
        <test-method signature="cpaturingErrorMessage()[pri:4, instance:testCases.TC_02_GiftCard@4116aac9]" started-at="2024-03-28T13:59:04 IST" name="cpaturingErrorMessage" finished-at="2024-03-28T13:59:04 IST" depends-on-methods="testCases.TC_02_GiftCard.insertingData" duration-ms="245" status="PASS">
          <reporter-output>
          </reporter-output>
        </test-method> <!-- cpaturingErrorMessage -->
        <test-method is-config="true" signature="complete()[pri:0, instance:testCases.TC_02_GiftCard@4116aac9]" started-at="2024-03-28T13:59:04 IST" name="complete" finished-at="2024-03-28T13:59:07 IST" duration-ms="2972" status="PASS">
          <reporter-output>
          </reporter-output>
        </test-method> <!-- complete -->
      </class> <!-- testCases.TC_02_GiftCard -->
      <class name="testCases.TC_01_CabBooking">
        <test-method is-config="true" signature="setup(java.lang.String)[pri:0, instance:testCases.TC_01_CabBooking@3eb738bb]" started-at="2024-03-28T13:56:27 IST" name="setup" finished-at="2024-03-28T13:56:37 IST" duration-ms="9910" status="PASS">
          <params>
            <param index="0">
              <value>
                <![CDATA[chrome]]>
              </value>
            </param>
          </params>
          <reporter-output>
          </reporter-output>
        </test-method> <!-- setup -->
        <test-method is-config="true" signature="popupHandle()[pri:0, instance:testCases.TC_01_CabBooking@3eb738bb]" started-at="2024-03-28T13:56:40 IST" name="popupHandle" finished-at="2024-03-28T13:56:44 IST" duration-ms="4232" status="PASS">
          <reporter-output>
          </reporter-output>
        </test-method> <!-- popupHandle -->
        <test-method signature="fillingDetails(java.lang.String,java.lang.String,java.lang.String,java.lang.String,java.lang.String)[pri:1, instance:testCases.TC_01_CabBooking@3eb738bb]" started-at="2024-03-28T13:56:44 IST" name="fillingDetails" data-provider="DataInput" finished-at="2024-03-28T13:57:03 IST" duration-ms="19221" status="PASS">
          <params>
            <param index="0">
              <value>
                <![CDATA[Delhi]]>
              </value>
            </param>
            <param index="1">
              <value>
                <![CDATA[Manali]]>
              </value>
            </param>
            <param index="2">
              <value>
                <![CDATA[1-May]]>
              </value>
            </param>
            <param index="3">
              <value>
                <![CDATA[6:30]]>
              </value>
            </param>
            <param index="4">
              <value>
                <![CDATA[AM]]>
              </value>
            </param>
          </params>
          <reporter-output>
          </reporter-output>
        </test-method> <!-- fillingDetails -->
        <test-method is-config="true" signature="popupHandle()[pri:0, instance:testCases.TC_01_CabBooking@3eb738bb]" started-at="2024-03-28T13:57:03 IST" name="popupHandle" finished-at="2024-03-28T13:57:14 IST" duration-ms="10119" status="PASS">
          <reporter-output>
          </reporter-output>
        </test-method> <!-- popupHandle -->
        <test-method signature="fillingDetails(java.lang.String,java.lang.String,java.lang.String,java.lang.String,java.lang.String)[pri:1, instance:testCases.TC_01_CabBooking@3eb738bb]" started-at="2024-03-28T13:57:14 IST" name="fillingDetails" data-provider="DataInput" finished-at="2024-03-28T13:57:32 IST" duration-ms="18267" status="PASS">
          <params>
            <param index="0">
              <value>
                <![CDATA[Pune]]>
              </value>
            </param>
            <param index="1">
              <value>
                <![CDATA[Mumbai]]>
              </value>
            </param>
            <param index="2">
              <value>
                <![CDATA[11-May]]>
              </value>
            </param>
            <param index="3">
              <value>
                <![CDATA[7:45]]>
              </value>
            </param>
            <param index="4">
              <value>
                <![CDATA[PM]]>
              </value>
            </param>
          </params>
          <reporter-output>
          </reporter-output>
        </test-method> <!-- fillingDetails -->
        <test-method is-config="true" signature="popupHandle()[pri:0, instance:testCases.TC_01_CabBooking@3eb738bb]" started-at="2024-03-28T13:57:32 IST" name="popupHandle" finished-at="2024-03-28T13:57:42 IST" duration-ms="10085" status="PASS">
          <reporter-output>
          </reporter-output>
        </test-method> <!-- popupHandle -->
        <test-method signature="fillingDetails(java.lang.String,java.lang.String,java.lang.String,java.lang.String,java.lang.String)[pri:1, instance:testCases.TC_01_CabBooking@3eb738bb]" started-at="2024-03-28T13:57:42 IST" name="fillingDetails" data-provider="DataInput" finished-at="2024-03-28T13:58:09 IST" duration-ms="26652" status="PASS">
          <params>
            <param index="0">
              <value>
                <![CDATA[Kolkata]]>
              </value>
            </param>
            <param index="1">
              <value>
                <![CDATA[Shimla]]>
              </value>
            </param>
            <param index="2">
              <value>
                <![CDATA[20-Jun]]>
              </value>
            </param>
            <param index="3">
              <value>
                <![CDATA[11:15]]>
              </value>
            </param>
            <param index="4">
              <value>
                <![CDATA[AM]]>
              </value>
            </param>
          </params>
          <reporter-output>
          </reporter-output>
        </test-method> <!-- fillingDetails -->
        <test-method is-config="true" signature="complete()[pri:0, instance:testCases.TC_01_CabBooking@3eb738bb]" started-at="2024-03-28T13:58:09 IST" name="complete" finished-at="2024-03-28T13:58:13 IST" duration-ms="4287" status="PASS">
          <reporter-output>
          </reporter-output>
        </test-method> <!-- complete -->
      </class> <!-- testCases.TC_01_CabBooking -->
    </test> <!-- ChromeTest -->
    <test started-at="2024-03-28T13:59:25 IST" name="EdgeTest" finished-at="2024-03-28T14:04:02 IST" duration-ms="276764">
      <class name="testCases.TC_03_HotelBooking">
        <test-method is-config="true" signature="setup(java.lang.String)[pri:0, instance:testCases.TC_03_HotelBooking@22fcf7ab]" started-at="2024-03-28T14:03:41 IST" name="setup" finished-at="2024-03-28T14:03:47 IST" duration-ms="6847" status="PASS">
          <params>
            <param index="0">
              <value>
                <![CDATA[edge]]>
              </value>
            </param>
          </params>
          <reporter-output>
          </reporter-output>
        </test-method> <!-- setup -->
        <test-method is-config="true" signature="popupHandle()[pri:0, instance:testCases.TC_03_HotelBooking@22fcf7ab]" started-at="2024-03-28T14:03:47 IST" name="popupHandle" finished-at="2024-03-28T14:03:53 IST" duration-ms="5719" status="PASS">
          <reporter-output>
          </reporter-output>
        </test-method> <!-- popupHandle -->
        <test-method signature="noOfAdults()[pri:0, instance:testCases.TC_03_HotelBooking@22fcf7ab]" started-at="2024-03-28T14:03:53 IST" name="noOfAdults" finished-at="2024-03-28T14:03:57 IST" duration-ms="4363" status="PASS">
          <reporter-output>
          </reporter-output>
        </test-method> <!-- noOfAdults -->
        <test-method is-config="true" signature="complete()[pri:0, instance:testCases.TC_03_HotelBooking@22fcf7ab]" started-at="2024-03-28T14:03:57 IST" name="complete" finished-at="2024-03-28T14:04:02 IST" duration-ms="4136" status="PASS">
          <reporter-output>
          </reporter-output>
        </test-method> <!-- complete -->
      </class> <!-- testCases.TC_03_HotelBooking -->
      <class name="testCases.TC_02_GiftCard">
        <test-method is-config="true" signature="setup(java.lang.String)[pri:0, instance:testCases.TC_02_GiftCard@587e5365]" started-at="2024-03-28T14:02:46 IST" name="setup" finished-at="2024-03-28T14:02:53 IST" duration-ms="7418" status="PASS">
          <params>
            <param index="0">
              <value>
                <![CDATA[edge]]>
              </value>
            </param>
          </params>
          <reporter-output>
          </reporter-output>
        </test-method> <!-- setup -->
        <test-method is-config="true" signature="popupHandle()[pri:0, instance:testCases.TC_02_GiftCard@587e5365]" started-at="2024-03-28T14:02:53 IST" name="popupHandle" finished-at="2024-03-28T14:03:00 IST" duration-ms="6371" status="PASS">
          <reporter-output>
          </reporter-output>
        </test-method> <!-- popupHandle -->
        <test-method signature="switchFrame()[pri:1, instance:testCases.TC_02_GiftCard@587e5365]" started-at="2024-03-28T14:03:00 IST" name="switchFrame" finished-at="2024-03-28T14:03:00 IST" duration-ms="382" status="PASS">
          <reporter-output>
          </reporter-output>
        </test-method> <!-- switchFrame -->
        <test-method is-config="true" signature="popupHandle()[pri:0, instance:testCases.TC_02_GiftCard@587e5365]" started-at="2024-03-28T14:03:00 IST" name="popupHandle" finished-at="2024-03-28T14:03:13 IST" duration-ms="12618" status="PASS">
          <reporter-output>
          </reporter-output>
        </test-method> <!-- popupHandle -->
        <test-method signature="selectingGiftCard()[pri:2, instance:testCases.TC_02_GiftCard@587e5365]" started-at="2024-03-28T14:03:13 IST" name="selectingGiftCard" finished-at="2024-03-28T14:03:15 IST" depends-on-methods="testCases.TC_02_GiftCard.switchFrame" duration-ms="1987" status="PASS">
          <reporter-output>
          </reporter-output>
        </test-method> <!-- selectingGiftCard -->
        <test-method is-config="true" signature="popupHandle()[pri:0, instance:testCases.TC_02_GiftCard@587e5365]" started-at="2024-03-28T14:03:15 IST" name="popupHandle" finished-at="2024-03-28T14:03:25 IST" duration-ms="10040" status="PASS">
          <reporter-output>
          </reporter-output>
        </test-method> <!-- popupHandle -->
        <test-method signature="insertingData()[pri:3, instance:testCases.TC_02_GiftCard@587e5365]" started-at="2024-03-28T14:03:25 IST" name="insertingData" finished-at="2024-03-28T14:03:26 IST" depends-on-methods="testCases.TC_02_GiftCard.selectingGiftCard" duration-ms="1526" status="PASS">
          <reporter-output>
          </reporter-output>
        </test-method> <!-- insertingData -->
        <test-method is-config="true" signature="popupHandle()[pri:0, instance:testCases.TC_02_GiftCard@587e5365]" started-at="2024-03-28T14:03:26 IST" name="popupHandle" finished-at="2024-03-28T14:03:36 IST" duration-ms="10029" status="PASS">
          <reporter-output>
          </reporter-output>
        </test-method> <!-- popupHandle -->
        <test-method signature="cpaturingErrorMessage()[pri:4, instance:testCases.TC_02_GiftCard@587e5365]" started-at="2024-03-28T14:03:36 IST" name="cpaturingErrorMessage" finished-at="2024-03-28T14:03:37 IST" depends-on-methods="testCases.TC_02_GiftCard.insertingData" duration-ms="235" status="PASS">
          <reporter-output>
          </reporter-output>
        </test-method> <!-- cpaturingErrorMessage -->
        <test-method is-config="true" signature="complete()[pri:0, instance:testCases.TC_02_GiftCard@587e5365]" started-at="2024-03-28T14:03:37 IST" name="complete" finished-at="2024-03-28T14:03:41 IST" duration-ms="3849" status="PASS">
          <reporter-output>
          </reporter-output>
        </test-method> <!-- complete -->
      </class> <!-- testCases.TC_02_GiftCard -->
      <class name="testCases.TC_01_CabBooking">
        <test-method is-config="true" signature="setup(java.lang.String)[pri:0, instance:testCases.TC_01_CabBooking@43c1b556]" started-at="2024-03-28T13:59:25 IST" name="setup" finished-at="2024-03-28T13:59:35 IST" duration-ms="10135" status="PASS">
          <params>
            <param index="0">
              <value>
                <![CDATA[edge]]>
              </value>
            </param>
          </params>
          <reporter-output>
          </reporter-output>
        </test-method> <!-- setup -->
        <test-method is-config="true" signature="popupHandle()[pri:0, instance:testCases.TC_01_CabBooking@43c1b556]" started-at="2024-03-28T13:59:36 IST" name="popupHandle" finished-at="2024-03-28T13:59:41 IST" duration-ms="4931" status="PASS">
          <reporter-output>
          </reporter-output>
        </test-method> <!-- popupHandle -->
        <test-method signature="fillingDetails(java.lang.String,java.lang.String,java.lang.String,java.lang.String,java.lang.String)[pri:1, instance:testCases.TC_01_CabBooking@43c1b556]" started-at="2024-03-28T13:59:41 IST" name="fillingDetails" data-provider="DataInput" finished-at="2024-03-28T14:01:00 IST" duration-ms="78563" status="PASS">
          <params>
            <param index="0">
              <value>
                <![CDATA[Delhi]]>
              </value>
            </param>
            <param index="1">
              <value>
                <![CDATA[Manali]]>
              </value>
            </param>
            <param index="2">
              <value>
                <![CDATA[1-May]]>
              </value>
            </param>
            <param index="3">
              <value>
                <![CDATA[6:30]]>
              </value>
            </param>
            <param index="4">
              <value>
                <![CDATA[AM]]>
              </value>
            </param>
          </params>
          <reporter-output>
          </reporter-output>
        </test-method> <!-- fillingDetails -->
        <test-method is-config="true" signature="popupHandle()[pri:0, instance:testCases.TC_01_CabBooking@43c1b556]" started-at="2024-03-28T14:01:00 IST" name="popupHandle" finished-at="2024-03-28T14:01:10 IST" duration-ms="10082" status="PASS">
          <reporter-output>
          </reporter-output>
        </test-method> <!-- popupHandle -->
        <test-method signature="fillingDetails(java.lang.String,java.lang.String,java.lang.String,java.lang.String,java.lang.String)[pri:1, instance:testCases.TC_01_CabBooking@43c1b556]" started-at="2024-03-28T14:01:10 IST" name="fillingDetails" data-provider="DataInput" finished-at="2024-03-28T14:01:33 IST" duration-ms="23087" status="PASS">
          <params>
            <param index="0">
              <value>
                <![CDATA[Pune]]>
              </value>
            </param>
            <param index="1">
              <value>
                <![CDATA[Mumbai]]>
              </value>
            </param>
            <param index="2">
              <value>
                <![CDATA[11-May]]>
              </value>
            </param>
            <param index="3">
              <value>
                <![CDATA[7:45]]>
              </value>
            </param>
            <param index="4">
              <value>
                <![CDATA[PM]]>
              </value>
            </param>
          </params>
          <reporter-output>
          </reporter-output>
        </test-method> <!-- fillingDetails -->
        <test-method is-config="true" signature="popupHandle()[pri:0, instance:testCases.TC_01_CabBooking@43c1b556]" started-at="2024-03-28T14:01:33 IST" name="popupHandle" finished-at="2024-03-28T14:01:43 IST" duration-ms="10073" status="PASS">
          <reporter-output>
          </reporter-output>
        </test-method> <!-- popupHandle -->
        <test-method signature="fillingDetails(java.lang.String,java.lang.String,java.lang.String,java.lang.String,java.lang.String)[pri:1, instance:testCases.TC_01_CabBooking@43c1b556]" started-at="2024-03-28T14:01:43 IST" name="fillingDetails" data-provider="DataInput" finished-at="2024-03-28T14:02:39 IST" duration-ms="55912" status="PASS">
          <params>
            <param index="0">
              <value>
                <![CDATA[Kolkata]]>
              </value>
            </param>
            <param index="1">
              <value>
                <![CDATA[Shimla]]>
              </value>
            </param>
            <param index="2">
              <value>
                <![CDATA[20-Jun]]>
              </value>
            </param>
            <param index="3">
              <value>
                <![CDATA[11:15]]>
              </value>
            </param>
            <param index="4">
              <value>
                <![CDATA[AM]]>
              </value>
            </param>
          </params>
          <reporter-output>
          </reporter-output>
        </test-method> <!-- fillingDetails -->
        <test-method is-config="true" signature="complete()[pri:0, instance:testCases.TC_01_CabBooking@43c1b556]" started-at="2024-03-28T14:02:39 IST" name="complete" finished-at="2024-03-28T14:02:46 IST" duration-ms="7179" status="PASS">
          <reporter-output>
          </reporter-output>
        </test-method> <!-- complete -->
      </class> <!-- testCases.TC_01_CabBooking -->
    </test> <!-- EdgeTest -->
  </suite> <!-- Suite -->
</testng-results>
